<?xml version="1.0" encoding="UTF-8"?>
<testng-results skipped="0" failed="1" ignored="0" total="1" passed="0">
  <reporter-output>
  </reporter-output>
  <suite name="Default suite" duration-ms="3137" started-at="2020-01-08T14:25:47Z" finished-at="2020-01-08T14:25:51Z">
    <groups>
    </groups>
    <test name="Default test" duration-ms="3137" started-at="2020-01-08T14:25:47Z" finished-at="2020-01-08T14:25:51Z">
      <class name="newTests.TestAll">
        <test-method status="PASS" signature="setUp()[pri:0, instance:newTests.TestAll@1ce92674]" name="setUp" is-config="true" duration-ms="953" started-at="2020-01-08T11:25:47Z" finished-at="2020-01-08T11:25:48Z">
          <reporter-output>
          </reporter-output>
        </test-method> <!-- setUp -->
        <test-method status="FAIL" signature="testSignIn(java.lang.String, java.lang.String, boolean)[pri:0, instance:newTests.TestAll@1ce92674]" name="testSignIn" duration-ms="2077" started-at="2020-01-08T11:25:48Z" data-provider="user" finished-at="2020-01-08T11:25:51Z">
          <params>
            <param index="0">
              <value>
                <![CDATA[fdse_microservices@163]]>
              </value>
            </param>
            <param index="1">
              <value>
                <![CDATA[DefaultPassword]]>
              </value>
            </param>
            <param index="2">
              <value>
                <![CDATA[false]]>
              </value>
            </param>
          </params>
          <exception class="org.openqa.selenium.NoSuchElementException">
            <message>
              <![CDATA[Cannot locate an element using id=login_email
For documentation on this error, please visit: https://www.seleniumhq.org/exceptions/no_such_element.html
Build info: version: '3.141.59', revision: 'e82be7d358', time: '2018-11-14T08:17:03'
System info: host: 'nutes-Inspiron-7560', ip: '127.0.1.1', os.name: 'Linux', os.arch: 'amd64', os.version: '5.0.0-37-generic', java.version: '1.8.0_232'
Driver info: driver.version: RemoteWebDriver]]>
            </message>
            <full-stacktrace>
              <![CDATA[org.openqa.selenium.NoSuchElementException: Cannot locate an element using id=login_email
For documentation on this error, please visit: https://www.seleniumhq.org/exceptions/no_such_element.html
Build info: version: '3.141.59', revision: 'e82be7d358', time: '2018-11-14T08:17:03'
System info: host: 'nutes-Inspiron-7560', ip: '127.0.1.1', os.name: 'Linux', os.arch: 'amd64', os.version: '5.0.0-37-generic', java.version: '1.8.0_232'
Driver info: driver.version: RemoteWebDriver
	at org.openqa.selenium.remote.RemoteWebDriver.findElement(RemoteWebDriver.java:327)
	at org.openqa.selenium.remote.RemoteWebDriver.findElementById(RemoteWebDriver.java:372)
	at org.openqa.selenium.By$ById.findElement(By.java:188)
	at org.openqa.selenium.remote.RemoteWebDriver.findElement(RemoteWebDriver.java:315)
	at newTests.TestServiceLogin.ServiceLogin(TestServiceLogin.java:19)
	at newTests.TestServiceLogin.testSignIn(TestServiceLogin.java:53)
	at sun.reflect.NativeMethodAccessorImpl.invoke0(Native Method)
	at sun.reflect.NativeMethodAccessorImpl.invoke(NativeMethodAccessorImpl.java:62)
	at sun.reflect.DelegatingMethodAccessorImpl.invoke(DelegatingMethodAccessorImpl.java:43)
	at java.lang.reflect.Method.invoke(Method.java:498)
	at org.testng.internal.MethodInvocationHelper.invokeMethod(MethodInvocationHelper.java:108)
	at org.testng.internal.Invoker.invokeMethod(Invoker.java:661)
	at org.testng.internal.Invoker.invokeTestMethod(Invoker.java:869)
	at org.testng.internal.Invoker.invokeTestMethods(Invoker.java:1193)
	at org.testng.internal.TestMethodWorker.invokeTestMethods(TestMethodWorker.java:126)
	at org.testng.internal.TestMethodWorker.run(TestMethodWorker.java:109)
	at org.testng.TestRunner.privateRun(TestRunner.java:744)
	at org.testng.TestRunner.run(TestRunner.java:602)
	at org.testng.SuiteRunner.runTest(SuiteRunner.java:380)
	at org.testng.SuiteRunner.runSequentially(SuiteRunner.java:375)
	at org.testng.SuiteRunner.privateRun(SuiteRunner.java:340)
	at org.testng.SuiteRunner.run(SuiteRunner.java:289)
	at org.testng.SuiteRunnerWorker.runSuite(SuiteRunnerWorker.java:52)
	at org.testng.SuiteRunnerWorker.run(SuiteRunnerWorker.java:86)
	at org.testng.TestNG.runSuitesSequentially(TestNG.java:1301)
	at org.testng.TestNG.runSuitesLocally(TestNG.java:1226)
	at org.testng.TestNG.runSuites(TestNG.java:1144)
	at org.testng.TestNG.run(TestNG.java:1115)
	at org.testng.remote.AbstractRemoteTestNG.run(AbstractRemoteTestNG.java:115)
	at org.testng.remote.RemoteTestNG.initAndRun(RemoteTestNG.java:251)
	at org.testng.remote.RemoteTestNG.main(RemoteTestNG.java:77)
]]>
            </full-stacktrace>
          </exception> <!-- org.openqa.selenium.NoSuchElementException -->
          <reporter-output>
          </reporter-output>
        </test-method> <!-- testSignIn -->
        <test-method status="PASS" signature="tearDown()[pri:0, instance:newTests.TestAll@1ce92674]" name="tearDown" is-config="true" duration-ms="78" started-at="2020-01-08T11:25:51Z" finished-at="2020-01-08T11:25:51Z">
          <reporter-output>
          </reporter-output>
        </test-method> <!-- tearDown -->
      </class> <!-- newTests.TestAll -->
    </test> <!-- Default test -->
  </suite> <!-- Default suite -->
</testng-results>
